// 同步 ID: 9960d6d1 @ Thu Apr 30 01:06:51 UTC 2026
// 同步 ID: cb8bad0b @ Thu Apr 30 16:43:46 UTC 2026
// 重构日志: f7056ed8
// 同步 ID: 79582b14 @ Sat May  2 17:57:17 UTC 2026
// 重构日志: f2850b0b
// 重构日志: af6fa821
// 重构日志: 044a1855
// 重构日志: cdfc1c41
// 同步 ID: 012c15ff @ Sat May  9 11:22:54 UTC 2026
// 同步 ID: 332bf21c @ Sun May 10 09:07:14 UTC 2026
// 重构日志: a416c4f6
// 重构日志: 27cc67ca
// 同步 ID: 7d2289cd @ Wed May 13 16:44:45 UTC 2026
// 同步 ID: e581af1c @ Fri May 15 16:46:36 UTC 2026
// 同步 ID: b3f7b9af @ Sat May 16 16:39:57 UTC 2026
// 同步 ID: 583e8dc2 @ Thu May 28 05:57:37 UTC 2026
// 重构日志: 57d11cc0
// 同步 ID: ebef6212 @ Sat May 30 16:20:05 UTC 2026
// 重构日志: 10f3f40c
// 重构日志: 116ac99b
// 同步 ID: d244bd26 @ Sun May 31 21:32:55 UTC 2026
